  [1m[36m (1.2ms)[0m  [1mCREATE TABLE "schema_migrations" ("version" varchar NOT NULL) [0m
  [1m[35m (0.0ms)[0m  select sqlite_version(*)
  [1m[36m (1.0ms)[0m  [1mCREATE UNIQUE INDEX "unique_schema_migrations" ON "schema_migrations" ("version")[0m
  [1m[35mActiveRecord::SchemaMigration Load (0.1ms)[0m  SELECT "schema_migrations".* FROM "schema_migrations"
  [1m[36mActiveRecord::SchemaMigration Load (0.1ms)[0m  [1mSELECT "schema_migrations".* FROM "schema_migrations"[0m
Migrating to CreatePosts (20151230232412)
  [1m[35m (0.1ms)[0m  begin transaction
  [1m[36m (0.4ms)[0m  [1mCREATE TABLE "posts" ("id" INTEGER PRIMARY KEY AUTOINCREMENT NOT NULL, "title" varchar, "description" text, "created_at" datetime NOT NULL, "updated_at" datetime NOT NULL) [0m
  [1m[35mSQL (0.2ms)[0m  INSERT INTO "schema_migrations" ("version") VALUES (?)  [["version", "20151230232412"]]
  [1m[36m (1.3ms)[0m  [1mcommit transaction[0m
  [1m[35mActiveRecord::SchemaMigration Load (0.1ms)[0m  SELECT "schema_migrations".* FROM "schema_migrations"


Started GET "/posts/new" for ::1 at 2015-12-31 13:44:56 -0600
  [1m[36mActiveRecord::SchemaMigration Load (0.1ms)[0m  [1mSELECT "schema_migrations".* FROM "schema_migrations"[0m
Processing by PostsController#new as HTML
  Rendered posts/new.html.erb within layouts/application (2.1ms)
Completed 200 OK in 347ms (Views: 326.8ms | ActiveRecord: 0.2ms)


Started GET "/assets/application.self-e80e8f2318043e8af94dddc2adad5a4f09739a8ebb323b3ab31cd71d45fd9113.css?body=1" for ::1 at 2015-12-31 13:44:57 -0600


Started GET "/assets/application.self-3b8dabdc891efe46b9a144b400ad69e37d7e5876bdc39dee783419a69d7ca819.js?body=1" for ::1 at 2015-12-31 13:44:57 -0600


Started POST "/posts" for ::1 at 2015-12-31 13:45:03 -0600
Processing by PostsController#create as HTML
  Parameters: {"utf8"=>"✓", "authenticity_token"=>"mFCuNJP5reOW19phdr4zXRLzOMo4NZQ3wneiVR+RO/+owIoDiOxh24iHKkZ7DGazxbSIoRmvIOmJgA4gog1sGg==", "title"=>"Rails Introduction Quiz", "description"=>"asdfasdf", "commit"=>"Submit Post"}
  [1m[35m (0.1ms)[0m  begin transaction
  [1m[36mSQL (0.4ms)[0m  [1mINSERT INTO "posts" ("title", "description", "created_at", "updated_at") VALUES (?, ?, ?, ?)[0m  [["title", "Rails Introduction Quiz"], ["description", "asdfasdf"], ["created_at", "2015-12-31 19:45:03.614973"], ["updated_at", "2015-12-31 19:45:03.614973"]]
  [1m[35m (1.2ms)[0m  commit transaction
Redirected to http://localhost:3000/posts/1
Completed 302 Found in 22ms (ActiveRecord: 1.7ms)


Started GET "/posts/1" for ::1 at 2015-12-31 13:45:03 -0600
Processing by PostsController#show as HTML
  Parameters: {"id"=>"1"}
  [1m[36mPost Load (0.2ms)[0m  [1mSELECT  "posts".* FROM "posts" WHERE "posts"."id" = ? LIMIT 1[0m  [["id", 1]]
  Rendered posts/show.html.erb within layouts/application (0.4ms)
Completed 200 OK in 27ms (Views: 10.4ms | ActiveRecord: 0.2ms)
Started GET "/" for ::1 at 2019-12-31 22:42:22 -0500
  [1m[36mActiveRecord::SchemaMigration Load (0.1ms)[0m  [1m[34mSELECT "schema_migrations".* FROM "schema_migrations"[0m
Processing by Rails::WelcomeController#index as HTML
  Parameters: {"internal"=>true}
  Rendering /Users/jamesscalise/.rvm/gems/ruby-2.6.1/gems/railties-5.0.7.2/lib/rails/templates/rails/welcome/index.html.erb
  Rendered /Users/jamesscalise/.rvm/gems/ruby-2.6.1/gems/railties-5.0.7.2/lib/rails/templates/rails/welcome/index.html.erb (2.2ms)
Completed 200 OK in 11ms (Views: 5.2ms | ActiveRecord: 0.0ms)


Started GET "/posts/new" for ::1 at 2019-12-31 22:42:27 -0500
Processing by PostsController#new as HTML
  Rendering posts/new.html.erb within layouts/application
  Rendered posts/new.html.erb within layouts/application (3.6ms)
Completed 200 OK in 301ms (Views: 295.2ms | ActiveRecord: 0.4ms)


Started POST "/posts" for ::1 at 2019-12-31 22:42:32 -0500
Processing by PostsController#create as HTML
  Parameters: {"utf8"=>"✓", "authenticity_token"=>"mlbH3Imerq59i+zYh75L5wiFfqALHLgcDkgsee23+UpC7vSUgQQHT1bg3iBal4qEqz41NGWPXYj4h2hYLVl6kg==", "title"=>"Ya", "description"=>"Ya", "commit"=>"Submit Post"}
  [1m[35m (0.1ms)[0m  [1m[36mbegin transaction[0m
  [1m[35mSQL (0.5ms)[0m  [1m[32mINSERT INTO "posts" ("title", "description", "created_at", "updated_at") VALUES (?, ?, ?, ?)[0m  [["title", "Ya"], ["description", "Ya"], ["created_at", "2020-01-01 03:42:32.239430"], ["updated_at", "2020-01-01 03:42:32.239430"]]
  [1m[35m (0.9ms)[0m  [1m[36mcommit transaction[0m
Completed 500 Internal Server Error in 4ms (ActiveRecord: 1.4ms)


  
ActionController::UrlGenerationError (No route matches {:action=>"show", :controller=>"posts", :id=>nil} missing required keys: [:id]):
  
app/controllers/posts_controller.rb:19:in `create'
  Rendering /Users/jamesscalise/.rvm/gems/ruby-2.6.1/gems/actionpack-5.0.7.2/lib/action_dispatch/middleware/templates/rescues/diagnostics.html.erb within rescues/layout
  Rendering /Users/jamesscalise/.rvm/gems/ruby-2.6.1/gems/actionpack-5.0.7.2/lib/action_dispatch/middleware/templates/rescues/_source.html.erb
  Rendered /Users/jamesscalise/.rvm/gems/ruby-2.6.1/gems/actionpack-5.0.7.2/lib/action_dispatch/middleware/templates/rescues/_source.html.erb (1.7ms)
  Rendering /Users/jamesscalise/.rvm/gems/ruby-2.6.1/gems/actionpack-5.0.7.2/lib/action_dispatch/middleware/templates/rescues/_trace.html.erb
  Rendered /Users/jamesscalise/.rvm/gems/ruby-2.6.1/gems/actionpack-5.0.7.2/lib/action_dispatch/middleware/templates/rescues/_trace.html.erb (0.9ms)
  Rendering /Users/jamesscalise/.rvm/gems/ruby-2.6.1/gems/actionpack-5.0.7.2/lib/action_dispatch/middleware/templates/rescues/_request_and_response.html.erb
  Rendered /Users/jamesscalise/.rvm/gems/ruby-2.6.1/gems/actionpack-5.0.7.2/lib/action_dispatch/middleware/templates/rescues/_request_and_response.html.erb (0.6ms)
  Rendered /Users/jamesscalise/.rvm/gems/ruby-2.6.1/gems/actionpack-5.0.7.2/lib/action_dispatch/middleware/templates/rescues/diagnostics.html.erb within rescues/layout (17.3ms)
Started GET "/" for ::1 at 2019-12-31 22:43:47 -0500
  [1m[36mActiveRecord::SchemaMigration Load (0.1ms)[0m  [1m[34mSELECT "schema_migrations".* FROM "schema_migrations"[0m
Processing by Rails::WelcomeController#index as HTML
  Parameters: {"internal"=>true}
  Rendering /Users/jamesscalise/.rvm/gems/ruby-2.6.1/gems/railties-5.0.7.2/lib/rails/templates/rails/welcome/index.html.erb
  Rendered /Users/jamesscalise/.rvm/gems/ruby-2.6.1/gems/railties-5.0.7.2/lib/rails/templates/rails/welcome/index.html.erb (2.2ms)
Completed 200 OK in 10ms (Views: 5.1ms | ActiveRecord: 0.0ms)


Started GET "/posts/new" for ::1 at 2019-12-31 22:43:51 -0500
Processing by PostsController#new as HTML
  Rendering posts/new.html.erb within layouts/application
  Rendered posts/new.html.erb within layouts/application (3.0ms)
Completed 200 OK in 195ms (Views: 189.5ms | ActiveRecord: 0.5ms)


Started POST "/posts" for ::1 at 2019-12-31 22:43:56 -0500
Processing by PostsController#create as HTML
  Parameters: {"utf8"=>"✓", "authenticity_token"=>"3p5o2RQNoegYdzHhaGkYkTfhYuokyMncpgGy2m2qfOUGJluRHJcICTMcAxm1QNnylFopfkpbLEhQzvb7rUT/PQ==", "title"=>"adw", "description"=>"aefaw", "commit"=>"Submit Post"}
  [1m[35m (0.1ms)[0m  [1m[36mbegin transaction[0m
  [1m[35mSQL (0.5ms)[0m  [1m[32mINSERT INTO "posts" ("title", "description", "created_at", "updated_at") VALUES (?, ?, ?, ?)[0m  [["title", "adw"], ["description", "aefaw"], ["created_at", "2020-01-01 03:43:56.517084"], ["updated_at", "2020-01-01 03:43:56.517084"]]
  [1m[35m (0.8ms)[0m  [1m[36mcommit transaction[0m
Completed 500 Internal Server Error in 4ms (ActiveRecord: 1.3ms)


  
ActionController::UrlGenerationError (No route matches {:action=>"show", :controller=>"posts", :id=>nil} missing required keys: [:id]):
  
app/controllers/posts_controller.rb:19:in `create'
  Rendering /Users/jamesscalise/.rvm/gems/ruby-2.6.1/gems/actionpack-5.0.7.2/lib/action_dispatch/middleware/templates/rescues/diagnostics.html.erb within rescues/layout
  Rendering /Users/jamesscalise/.rvm/gems/ruby-2.6.1/gems/actionpack-5.0.7.2/lib/action_dispatch/middleware/templates/rescues/_source.html.erb
  Rendered /Users/jamesscalise/.rvm/gems/ruby-2.6.1/gems/actionpack-5.0.7.2/lib/action_dispatch/middleware/templates/rescues/_source.html.erb (1.8ms)
  Rendering /Users/jamesscalise/.rvm/gems/ruby-2.6.1/gems/actionpack-5.0.7.2/lib/action_dispatch/middleware/templates/rescues/_trace.html.erb
  Rendered /Users/jamesscalise/.rvm/gems/ruby-2.6.1/gems/actionpack-5.0.7.2/lib/action_dispatch/middleware/templates/rescues/_trace.html.erb (0.9ms)
  Rendering /Users/jamesscalise/.rvm/gems/ruby-2.6.1/gems/actionpack-5.0.7.2/lib/action_dispatch/middleware/templates/rescues/_request_and_response.html.erb
  Rendered /Users/jamesscalise/.rvm/gems/ruby-2.6.1/gems/actionpack-5.0.7.2/lib/action_dispatch/middleware/templates/rescues/_request_and_response.html.erb (0.6ms)
  Rendered /Users/jamesscalise/.rvm/gems/ruby-2.6.1/gems/actionpack-5.0.7.2/lib/action_dispatch/middleware/templates/rescues/diagnostics.html.erb within rescues/layout (11.5ms)
